Using pre-set license
Built from '2020.3/staging' branch; Version is '2020.3.6f1 (338bb68529b2) revision 3378102'; Using compiler version '192528614'; Build Type 'Release'
OS: 'Windows 10 Home; OS build 19042.964; Version 2009; 64bit' Language: 'zh' Physical Memory: 12170 MB
BatchMode: 1, IsHumanControllingUs: 0, StartBugReporterOnCrash: 0, Is64bit: 1, IsPro: 0

 COMMAND LINE ARGUMENTS:
D:\0\2020.3.6f1\Editor\Unity.exe
-adb2
-batchMode
-noUpm
-name
AssetImportWorker0
-projectPath
D:/ASIA_AR_Midterm_107051016/3D-AI/3Dclass
-logFile
Logs/AssetImportWorker0.log
-srvPort
65478
Successfully changed project path to: D:/ASIA_AR_Midterm_107051016/3D-AI/3Dclass
D:/ASIA_AR_Midterm_107051016/3D-AI/3Dclass
Using Asset Import Pipeline V2.
Refreshing native plugins compatible for Editor in 21.84 ms, found 0 plugins.
Preloading 0 native plugins for Editor in 0.00 ms.
Initialize engine version: 2020.3.6f1 (338bb68529b2)
[Subsystems] Discovering subsystems at path D:/0/2020.3.6f1/Editor/Data/Resources/UnitySubsystems
[Subsystems] Discovering subsystems at path D:/ASIA_AR_Midterm_107051016/3D-AI/3Dclass/Assets
GfxDevice: creating device client; threaded=0
Direct3D:
    Version:  Direct3D 11.0 [level 11.1]
    Renderer: NVIDIA GeForce GTX 1050 (ID=0x1c8d)
    Vendor:   
    VRAM:     1979 MB
    Driver:   27.21.14.5167
Initialize mono
Mono path[0] = 'D:/0/2020.3.6f1/Editor/Data/Managed'
Mono path[1] = 'D:/0/2020.3.6f1/Editor/Data/MonoBleedingEdge/lib/mono/unityjit'
Mono config path = 'D:/0/2020.3.6f1/Editor/Data/MonoBleedingEdge/etc'
Using monoOptions --debugger-agent=transport=dt_socket,embedding=1,server=y,suspend=n,address=127.0.0.1:56896
Begin MonoManager ReloadAssembly
Registering precompiled unity dll's ...
Register platform support module: D:/0/2020.3.6f1/Editor/Data/PlaybackEngines/WindowsStandaloneSupport/UnityEditor.WindowsStandalone.Extensions.dll
Registered in 0.001179 seconds.
Native extension for WindowsStandalone target not found
Refreshing native plugins compatible for Editor in 25.81 ms, found 0 plugins.
Preloading 0 native plugins for Editor in 0.00 ms.
Mono: successfully reloaded assembly
- Completed reload, in  1.198 seconds
Platform modules already initialized, skipping
Registering precompiled user dll's ...
Registered in 0.001657 seconds.
Begin MonoManager ReloadAssembly
Native extension for WindowsStandalone target not found
Refreshing native plugins compatible for Editor in 0.21 ms, found 0 plugins.
Preloading 0 native plugins for Editor in 0.00 ms.
Mono: successfully reloaded assembly
- Completed reload, in  0.899 seconds
Platform modules already initialized, skipping
========================================================================
Worker process is ready to serve import requests
Launched and connected shader compiler UnityShaderCompiler.exe after 0.06 seconds
Refreshing native plugins compatible for Editor in 0.21 ms, found 0 plugins.
Preloading 0 native plugins for Editor in 0.00 ms.
Unloading 1122 Unused Serialized files (Serialized files now loaded: 0)
System memory in use before: 57.3 MB.
System memory in use after: 57.3 MB.

Unloading 10 unused Assets to reduce memory usage. Loaded Objects now: 1564.
Total: 2.439500 ms (FindLiveObjects: 0.337500 ms CreateObjectMapping: 0.093200 ms MarkObjects: 1.895000 ms  DeleteObjects: 0.111400 ms)

========================================================================
Received Import Request.
  path: Assets/Prefabs
  artifactKey: Guid(fa0d0af4113949545b1965b50690fb97) Importer(815301076,1909f56bfc062723c751e8b465ee728b)
Start importing Assets/Prefabs using Guid(fa0d0af4113949545b1965b50690fb97) Importer(815301076,1909f56bfc062723c751e8b465ee728b)  -> (artifact id: 'c5968cb2af921b930c1bd00314a6e66b') in 0.027174 seconds
  Import took 0.029016 seconds .

========================================================================
Received Import Request.
  Time since last request: 0.000344 seconds.
  path: Assets/Prefabs/Pyramid.prefab
  artifactKey: Guid(a7a2bda63711e334d8445690ddd1ad1d) Importer(815301076,1909f56bfc062723c751e8b465ee728b)
Start importing Assets/Prefabs/Pyramid.prefab using Guid(a7a2bda63711e334d8445690ddd1ad1d) Importer(815301076,1909f56bfc062723c751e8b465ee728b)  -> (artifact id: '01ee6e6eb7a135a80244573daaf83934') in 0.292490 seconds
  Import took 0.322043 seconds .

========================================================================
Received Import Request.
  Time since last request: 31.630001 seconds.
  path: Assets/Audios/collision.wav
  artifactKey: Guid(dae479c8e323f5447b000ff0cb96a7d2) Importer(815301076,1909f56bfc062723c751e8b465ee728b)
Start importing Assets/Audios/collision.wav using Guid(dae479c8e323f5447b000ff0cb96a7d2) Importer(815301076,1909f56bfc062723c751e8b465ee728b)  -> (artifact id: '7af8244fbdf4482cc35885fd3991187f') in 0.213956 seconds
  Import took 0.216679 seconds .

========================================================================
Received Import Request.
  Time since last request: 2.394174 seconds.
  path: Assets/Textures/fire.jpg
  artifactKey: Guid(584aefdbf4e039144a449ab230bb3c4a) Importer(815301076,1909f56bfc062723c751e8b465ee728b)
Start importing Assets/Textures/fire.jpg using Guid(584aefdbf4e039144a449ab230bb3c4a) Importer(815301076,1909f56bfc062723c751e8b465ee728b)  -> (artifact id: 'e3c1eadee3360e44d650760223d8b6ec') in 0.097096 seconds
  Import took 0.132241 seconds .

========================================================================
Received Import Request.
  Time since last request: 0.000383 seconds.
  path: Assets/Textures/sky.jpg
  artifactKey: Guid(65a915c7f12a4d54d8c90d60f7077833) Importer(815301076,1909f56bfc062723c751e8b465ee728b)
Start importing Assets/Textures/sky.jpg using Guid(65a915c7f12a4d54d8c90d60f7077833) Importer(815301076,1909f56bfc062723c751e8b465ee728b)  -> (artifact id: '83d113649a9775a467303f9ad297f136') in 0.048751 seconds
  Import took 0.097595 seconds .

========================================================================
Received Import Request.
  Time since last request: 0.000441 seconds.
  path: Assets/Textures/metal.jpg
  artifactKey: Guid(7305ef89e3a9b604c9d86547061cc9ae) Importer(815301076,1909f56bfc062723c751e8b465ee728b)
Start importing Assets/Textures/metal.jpg using Guid(7305ef89e3a9b604c9d86547061cc9ae) Importer(815301076,1909f56bfc062723c751e8b465ee728b)  -> (artifact id: 'c83b70437081aa1726c47ca730316f76') in 0.043632 seconds
  Import took 0.045421 seconds .

========================================================================
Received Import Request.
  Time since last request: 0.000338 seconds.
  path: Assets/Textures/wood.jpg
  artifactKey: Guid(344ffa9d1f8b9c34c883999c91c1090c) Importer(815301076,1909f56bfc062723c751e8b465ee728b)
Start importing Assets/Textures/wood.jpg using Guid(344ffa9d1f8b9c34c883999c91c1090c) Importer(815301076,1909f56bfc062723c751e8b465ee728b)  -> (artifact id: 'e8d4aa09a8da225192d8cc89541d605b') in 0.041935 seconds
  Import took 0.044096 seconds .

========================================================================
Received Prepare
Registering precompiled user dll's ...
Registered in 0.000787 seconds.
Begin MonoManager ReloadAssembly
Native extension for WindowsStandalone target not found
Refreshing native plugins compatible for Editor in 0.22 ms, found 0 plugins.
Preloading 0 native plugins for Editor in 0.00 ms.
Mono: successfully reloaded assembly
- Completed reload, in  0.936 seconds
Platform modules already initialized, skipping
Refreshing native plugins compatible for Editor in 0.22 ms, found 0 plugins.
Preloading 0 native plugins for Editor in 0.00 ms.
Unloading 1117 Unused Serialized files (Serialized files now loaded: 0)
System memory in use before: 60.4 MB.
System memory in use after: 60.5 MB.

Unloading 6 unused Assets to reduce memory usage. Loaded Objects now: 1581.
Total: 2.699900 ms (FindLiveObjects: 0.215100 ms CreateObjectMapping: 0.063900 ms MarkObjects: 2.300400 ms  DeleteObjects: 0.119200 ms)

========================================================================
Received Import Request.
  Time since last request: 411.590019 seconds.
  path: Assets/Scenes/SampleScene.unity
  artifactKey: Guid(9fc0d4010bbf28b4594072e72b8655ab) Importer(815301076,1909f56bfc062723c751e8b465ee728b)
Start importing Assets/Scenes/SampleScene.unity using Guid(9fc0d4010bbf28b4594072e72b8655ab) Importer(815301076,1909f56bfc062723c751e8b465ee728b)  -> (artifact id: '4ef5754e14a5216c3acce82618577951') in 0.045020 seconds
  Import took 0.094922 seconds .

========================================================================
Received Import Request.
  Time since last request: 2.302211 seconds.
  path: Assets/Scenes/01.unity
  artifactKey: Guid(47370a82bee5b4e42881ecb773d7b182) Importer(815301076,1909f56bfc062723c751e8b465ee728b)
Start importing Assets/Scenes/01.unity using Guid(47370a82bee5b4e42881ecb773d7b182) Importer(815301076,1909f56bfc062723c751e8b465ee728b)  -> (artifact id: '6cf95168e1d5b2f7bae4f84c25559a1a') in 0.034064 seconds
  Import took 0.036715 seconds .

AssetImportWorkerClient::OnTransportError - code=2 error=End of file
